<?xml version="1.0" encoding="UTF-8"?>
<!-- Generated by org.testng.reporters.JUnitReportReporter -->
<testsuite hostname="LAPTOP-CODJI4BB" failures="0" tests="1" name="Companyaamir.projectaamir1.LoginTest" time="13.298" errors="0" timestamp="2023-11-30T17:39:29 IST" skipped="0">
  <testcase classname="Companyaamir.projectaamir1.LoginTest" name="loginTest" time="13.298"/>
</testsuite> <!-- Companyaamir.projectaamir1.LoginTest -->
