<?xml version="1.0" encoding="UTF-8"?>
<!-- Generated by org.testng.reporters.JUnitReportReporter -->
<testsuite hostname="LAPTOP-CODJI4BB" failures="0" tests="1" name="Companyaamir.projectaamir1.ProfileNameTest" time="26.500" errors="0" timestamp="2023-11-30T17:39:29 IST" skipped="0">
  <testcase classname="Companyaamir.projectaamir1.ProfileNameTest" name="profileNameClick" time="26.500"/>
</testsuite> <!-- Companyaamir.projectaamir1.ProfileNameTest -->
